#
# There is insufficient memory for the Java Runtime Environment to continue.
# Native memory allocation (malloc) failed to allocate 32744 bytes for ChunkPool::allocate
# Possible reasons:
#   The system is out of physical RAM or swap space
#   The process is running with CompressedOops enabled, and the Java Heap may be blocking the growth of the native heap
# Possible solutions:
#   Reduce memory load on the system
#   Increase physical memory or swap space
#   Check if swap backing store is full
#   Decrease Java heap size (-Xmx/-Xms)
#   Decrease number of Java threads
#   Decrease Java thread stack sizes (-Xss)
#   Set larger code cache with -XX:ReservedCodeCacheSize=
#   JVM is running with Unscaled Compressed Oops mode in which the Java heap is
#     placed in the first 4GB address space. The Java Heap base address is the
#     maximum limit for the native heap growth. Please use -XX:HeapBaseMinAddress
#     to set the Java Heap base and to place the Java Heap above 4GB virtual address.
# This output file may be truncated or incomplete.
#
#  Out of Memory Error (arena.cpp:78), pid=364, tid=7372
#
# JRE version: OpenJDK Runtime Environment Temurin-17.0.8+7 (17.0.8+7) (build 17.0.8+7)
# Java VM: OpenJDK 64-Bit Server VM Temurin-17.0.8+7 (17.0.8+7, mixed mode, tiered, compressed oops, compressed class ptrs, parallel gc, windows-amd64)
# No core dump will be written. Minidumps are not enabled by default on client versions of Windows
#

---------------  S U M M A R Y ------------

Command Line: --add-modules=ALL-SYSTEM --add-opens=java.base/java.util=ALL-UNNAMED --add-opens=java.base/java.lang=ALL-UNNAMED --add-opens=java.base/sun.nio.fs=ALL-UNNAMED -Declipse.application=org.eclipse.jdt.ls.core.id1 -Dosgi.bundles.defaultStartLevel=4 -Declipse.product=org.eclipse.jdt.ls.core.product -Djava.import.generatesMetadataFilesAtProjectRoot=false -Dfile.encoding=utf8 -XX:+UseParallelGC -XX:GCTimeRatio=4 -XX:AdaptiveSizePolicyWeight=90 -Dsun.zip.disableMemoryMapping=true -Xmx1G -Xms100m -Xlog:disable -javaagent:c:\Users\Binh\.vscode\extensions\redhat.java-1.22.2023081104-win32-x64\lombok\lombok-1.18.28.jar c:\Users\Binh\.vscode\extensions\redhat.java-1.22.2023081104-win32-x64\server\plugins\org.eclipse.equinox.launcher_1.6.500.v20230717-2134.jar -configuration c:\Users\Binh\AppData\Roaming\Code\User\globalStorage\redhat.java\1.22.2023081104\config_ss_win -data c:\Users\Binh\AppData\Roaming\Code\User\workspaceStorage\b039105e5624f8971b62f492988c1f60\redhat.java\ss_ws

Host: AMD Ryzen 5 5500U with Radeon Graphics         , 12 cores, 7G,  Windows 11 , 64 bit Build 22621 (10.0.22621.2070)
Time: Thu Aug 17 22:04:33 2023 SE Asia Standard Time elapsed time: 18.302176 seconds (0d 0h 0m 18s)

---------------  T H R E A D  ---------------

Current thread (0x0000026f6cb5e070):  JavaThread "C2 CompilerThread1" daemon [_thread_in_native, id=7372, stack(0x0000009483e00000,0x0000009483f00000)]


Current CompileTask:
C2:  18302 4190       4       lombok.patcher.PatchScript$MethodPatcher::visitMethod (158 bytes)

Stack: [0x0000009483e00000,0x0000009483f00000]
Native frames: (J=compiled Java code, j=interpreted, Vv=VM code, C=native code)
V  [jvm.dll+0x678b0a]
V  [jvm.dll+0x835e84]
V  [jvm.dll+0x83762e]
V  [jvm.dll+0x837c93]
V  [jvm.dll+0x24746f]
V  [jvm.dll+0xac42c]
V  [jvm.dll+0xac7dc]
V  [jvm.dll+0x654d43]
V  [jvm.dll+0x60b31b]
V  [jvm.dll+0x6097e4]
V  [jvm.dll+0x219a68]
V  [jvm.dll+0x219011]
V  [jvm.dll+0x1a534d]
V  [jvm.dll+0x228d8a]
V  [jvm.dll+0x226dcc]
V  [jvm.dll+0x7ec09b]
V  [jvm.dll+0x7e64ca]
V  [jvm.dll+0x677955]
C  [ucrtbase.dll+0x29363]
C  [KERNEL32.DLL+0x126ad]
C  [ntdll.dll+0x5aa68]


---------------  P R O C E S S  ---------------

Threads class SMR info:
_java_thread_list=0x0000026f6c8291f0, length=30, elements={
0x0000026f514fa270, 0x0000026f6535e020, 0x0000026f6535f720, 0x0000026f515acfe0,
0x0000026f515ad8b0, 0x0000026f6a4e8fe0, 0x0000026f6a4ec380, 0x0000026f6a4f1290,
0x0000026f6a4fb780, 0x0000026f6a4fc090, 0x0000026f5155b0b0, 0x0000026f6bcbc480,
0x0000026f6c4c96b0, 0x0000026f6c6fdcb0, 0x0000026f6c6fe9d0, 0x0000026f6a702070,
0x0000026f6a702fa0, 0x0000026f6a7034b0, 0x0000026f6a703ed0, 0x0000026f6a704e00,
0x0000026f6cf5df90, 0x0000026f6cf60810, 0x0000026f6cf5cb50, 0x0000026f6cf5e4a0,
0x0000026f6cf5d060, 0x0000026f6cf61c50, 0x0000026f6cf5fdf0, 0x0000026f6cf60d20,
0x0000026f6cf63090, 0x0000026f6cb5e070
}

Java Threads: ( => current thread )
  0x0000026f514fa270 JavaThread "main" [_thread_blocked, id=19580, stack(0x0000009481500000,0x0000009481600000)]
  0x0000026f6535e020 JavaThread "Reference Handler" daemon [_thread_blocked, id=18568, stack(0x0000009481800000,0x0000009481900000)]
  0x0000026f6535f720 JavaThread "Finalizer" daemon [_thread_blocked, id=17072, stack(0x0000009481900000,0x0000009481a00000)]
  0x0000026f515acfe0 JavaThread "Signal Dispatcher" daemon [_thread_blocked, id=10924, stack(0x0000009481a00000,0x0000009481b00000)]
  0x0000026f515ad8b0 JavaThread "Attach Listener" daemon [_thread_blocked, id=4464, stack(0x0000009481b00000,0x0000009481c00000)]
  0x0000026f6a4e8fe0 JavaThread "Service Thread" daemon [_thread_blocked, id=20768, stack(0x0000009481c00000,0x0000009481d00000)]
  0x0000026f6a4ec380 JavaThread "Monitor Deflation Thread" daemon [_thread_blocked, id=10972, stack(0x0000009481d00000,0x0000009481e00000)]
  0x0000026f6a4f1290 JavaThread "C2 CompilerThread0" daemon [_thread_in_native, id=19804, stack(0x0000009481e00000,0x0000009481f00000)]
  0x0000026f6a4fb780 JavaThread "C1 CompilerThread0" daemon [_thread_blocked, id=17636, stack(0x0000009481f00000,0x0000009482000000)]
  0x0000026f6a4fc090 JavaThread "Sweeper thread" daemon [_thread_blocked, id=19764, stack(0x0000009482000000,0x0000009482100000)]
  0x0000026f5155b0b0 JavaThread "Common-Cleaner" daemon [_thread_blocked, id=4400, stack(0x0000009482100000,0x0000009482200000)]
  0x0000026f6bcbc480 JavaThread "Notification Thread" daemon [_thread_blocked, id=14172, stack(0x0000009482200000,0x0000009482300000)]
  0x0000026f6c4c96b0 JavaThread "Active Thread: Equinox Container: 029032a9-7868-47be-a3a9-6e5d87a5b6fc" [_thread_blocked, id=20548, stack(0x0000009482c00000,0x0000009482d00000)]
  0x0000026f6c6fdcb0 JavaThread "Framework Event Dispatcher: Equinox Container: 029032a9-7868-47be-a3a9-6e5d87a5b6fc" daemon [_thread_blocked, id=20976, stack(0x0000009482d00000,0x0000009482e00000)]
  0x0000026f6c6fe9d0 JavaThread "Start Level: Equinox Container: 029032a9-7868-47be-a3a9-6e5d87a5b6fc" daemon [_thread_blocked, id=20252, stack(0x0000009482e00000,0x0000009482f00000)]
  0x0000026f6a702070 JavaThread "SCR Component Actor" daemon [_thread_blocked, id=1064, stack(0x0000009482f00000,0x0000009483000000)]
  0x0000026f6a702fa0 JavaThread "Worker-JM" [_thread_blocked, id=15720, stack(0x0000009482400000,0x0000009482500000)]
  0x0000026f6a7034b0 JavaThread "Worker-0" [_thread_blocked, id=15624, stack(0x0000009483200000,0x0000009483300000)]
  0x0000026f6a703ed0 JavaThread "Worker-1" [_thread_blocked, id=18036, stack(0x0000009482500000,0x0000009482600000)]
  0x0000026f6a704e00 JavaThread "Worker-2" [_thread_blocked, id=20152, stack(0x0000009483700000,0x0000009483800000)]
  0x0000026f6cf5df90 JavaThread "JNA Cleaner" daemon [_thread_blocked, id=19924, stack(0x0000009483800000,0x0000009483900000)]
  0x0000026f6cf60810 JavaThread "pool-2-thread-1" [_thread_blocked, id=19904, stack(0x0000009483900000,0x0000009483a00000)]
  0x0000026f6cf5cb50 JavaThread "WorkspaceEventsHandler" [_thread_blocked, id=8328, stack(0x0000009483500000,0x0000009483600000)]
  0x0000026f6cf5e4a0 JavaThread "pool-1-thread-1" [_thread_in_native, id=17764, stack(0x0000009483600000,0x0000009483700000)]
  0x0000026f6cf5d060 JavaThread "ForkJoinPool.commonPool-worker-1" daemon [_thread_blocked, id=21628, stack(0x0000009483100000,0x0000009483200000)]
  0x0000026f6cf61c50 JavaThread "ForkJoinPool.commonPool-worker-2" daemon [_thread_blocked, id=21924, stack(0x0000009483b00000,0x0000009483c00000)]
  0x0000026f6cf5fdf0 JavaThread "ForkJoinPool.commonPool-worker-3" daemon [_thread_blocked, id=22204, stack(0x0000009483a00000,0x0000009483b00000)]
  0x0000026f6cf60d20 JavaThread "ForkJoinPool.commonPool-worker-4" daemon [_thread_blocked, id=22316, stack(0x0000009483c00000,0x0000009483d00000)]
  0x0000026f6cf63090 JavaThread "ForkJoinPool.commonPool-worker-5" daemon [_thread_blocked, id=22384, stack(0x0000009483d00000,0x0000009483e00000)]
=>0x0000026f6cb5e070 JavaThread "C2 CompilerThread1" daemon [_thread_in_native, id=7372, stack(0x0000009483e00000,0x0000009483f00000)]

Other Threads:
  0x0000026f6a4c2860 VMThread "VM Thread" [stack: 0x0000009481700000,0x0000009481800000] [id=19108]
  0x0000026f6a8167c0 WatcherThread [stack: 0x0000009482300000,0x0000009482400000] [id=20616]
  0x0000026f515108f0 GCTaskThread "GC Thread#0" [stack: 0x0000009481600000,0x0000009481700000] [id=21196]
  0x0000026f6c24ac50 GCTaskThread "GC Thread#1" [stack: 0x0000009482600000,0x0000009482700000] [id=18444]
  0x0000026f6c132820 GCTaskThread "GC Thread#2" [stack: 0x0000009482700000,0x0000009482800000] [id=10496]
  0x0000026f6c4427e0 GCTaskThread "GC Thread#3" [stack: 0x0000009482800000,0x0000009482900000] [id=7148]
  0x0000026f6c442aa0 GCTaskThread "GC Thread#4" [stack: 0x0000009482900000,0x0000009482a00000] [id=20576]
  0x0000026f6c133d40 GCTaskThread "GC Thread#5" [stack: 0x0000009482a00000,0x0000009482b00000] [id=19644]
  0x0000026f6c509be0 GCTaskThread "GC Thread#6" [stack: 0x0000009482b00000,0x0000009482c00000] [id=10652]
  0x0000026f6c5085e0 GCTaskThread "GC Thread#7" [stack: 0x0000009483000000,0x0000009483100000] [id=18660]
  0x0000026f6c508320 GCTaskThread "GC Thread#8" [stack: 0x0000009483300000,0x0000009483400000] [id=20404]
  0x0000026f6c5093a0 GCTaskThread "GC Thread#9" [stack: 0x0000009483400000,0x0000009483500000] [id=15340]

Threads with active compile tasks:
C2 CompilerThread0    18335 4095   !   4       org.eclipse.osgi.internal.loader.classpath.ClasspathManager::findLocalClass (210 bytes)
C2 CompilerThread1    18335 4190       4       lombok.patcher.PatchScript$MethodPatcher::visitMethod (158 bytes)

VM state: not at safepoint (normal execution)

VM Mutex/Monitor currently owned by a thread: None

Heap address: 0x00000000c0000000, size: 1024 MB, Compressed Oops mode: 32-bit

CDS archive(s) not mapped
Compressed class space mapped at: 0x0000000100000000-0x0000000140000000, reserved size: 1073741824
Narrow klass base: 0x0000000000000000, Narrow klass shift: 3, Narrow klass range: 0x140000000

GC Precious Log:
 CPUs: 12 total, 12 available
 Memory: 7514M
 Large Page Support: Disabled
 NUMA Support: Disabled
 Compressed Oops: Enabled (32-bit)
 Alignments: Space 512K, Generation 512K, Heap 2M
 Heap Min Capacity: 100M
 Heap Initial Capacity: 100M
 Heap Max Capacity: 1G
 Pre-touch: Disabled
 Parallel Workers: 10

Heap:
 PSYoungGen      total 22528K, used 17090K [0x00000000eab00000, 0x00000000ec300000, 0x0000000100000000)
  eden space 22016K, 76% used [0x00000000eab00000,0x00000000ebb88820,0x00000000ec080000)
  from space 512K, 31% used [0x00000000ec280000,0x00000000ec2a8000,0x00000000ec300000)
  to   space 1024K, 0% used [0x00000000ec100000,0x00000000ec100000,0x00000000ec200000)
 ParOldGen       total 68608K, used 26485K [0x00000000c0000000, 0x00000000c4300000, 0x00000000eab00000)
  object space 68608K, 38% used [0x00000000c0000000,0x00000000c19dd4e8,0x00000000c4300000)
 Metaspace       used 44210K, committed 44992K, reserved 1114112K
  class space    used 4511K, committed 4864K, reserved 1048576K

Card table byte_map: [0x0000026f50eb0000,0x0000026f510c0000] _byte_map_base: 0x0000026f508b0000

Marking Bits: (ParMarkBitMap*) 0x00007ffb807583b0
 Begin Bits: [0x0000026f63170000, 0x0000026f64170000)
 End Bits:   [0x0000026f64170000, 0x0000026f65170000)

Polling page: 0x0000026f4f2b0000

Metaspace:

Usage:
  Non-class:     38.77 MB used.
      Class:      4.41 MB used.
       Both:     43.17 MB used.

Virtual space:
  Non-class space:       64.00 MB reserved,      39.19 MB ( 61%) committed,  1 nodes.
      Class space:        1.00 GB reserved,       4.75 MB ( <1%) committed,  1 nodes.
             Both:        1.06 GB reserved,      43.94 MB (  4%) committed. 

Chunk freelists:
   Non-Class:  7.95 MB
       Class:  11.14 MB
        Both:  19.09 MB

MaxMetaspaceSize: unlimited
CompressedClassSpaceSize: 1.00 GB
Initial GC threshold: 21.00 MB
Current GC threshold: 58.38 MB
CDS: off
MetaspaceReclaimPolicy: balanced
 - commit_granule_bytes: 65536.
 - commit_granule_words: 8192.
 - virtual_space_node_default_size: 8388608.
 - enlarge_chunks_in_place: 1.
 - new_chunks_are_fully_committed: 0.
 - uncommit_free_chunks: 1.
 - use_allocation_guard: 0.
 - handle_deallocations: 1.


Internal statistics:

num_allocs_failed_limit: 6.
num_arena_births: 384.
num_arena_deaths: 14.
num_vsnodes_births: 2.
num_vsnodes_deaths: 0.
num_space_committed: 703.
num_space_uncommitted: 0.
num_chunks_returned_to_freelist: 20.
num_chunks_taken_from_freelist: 1834.
num_chunk_merges: 7.
num_chunk_splits: 1213.
num_chunks_enlarged: 816.
num_inconsistent_stats: 0.

CodeHeap 'non-profiled nmethods': size=120000Kb used=2138Kb max_used=2138Kb free=117861Kb
 bounds [0x0000026f5bc40000, 0x0000026f5beb0000, 0x0000026f63170000]
CodeHeap 'profiled nmethods': size=120000Kb used=9272Kb max_used=9272Kb free=110727Kb
 bounds [0x0000026f54170000, 0x0000026f54a80000, 0x0000026f5b6a0000]
CodeHeap 'non-nmethods': size=5760Kb used=1360Kb max_used=1360Kb free=4399Kb
 bounds [0x0000026f5b6a0000, 0x0000026f5b910000, 0x0000026f5bc40000]
 total_blobs=4966 nmethods=4329 adapters=548
 compilation: enabled
              stopped_count=0, restarted_count=0
 full_count=0

Compilation events (20 events):
Event: 18.150 Thread 0x0000026f6a4fb780 4341       1       org.eclipse.jdt.internal.core.JavaProject::getHandleMementoDelimiter (3 bytes)
Event: 18.150 Thread 0x0000026f6a4fb780 nmethod 4341 0x0000026f5be55d90 code [0x0000026f5be55f20, 0x0000026f5be55ff8]
Event: 18.150 Thread 0x0000026f6a4fb780 4342       1       org.eclipse.jdt.internal.core.PackageFragmentRoot::getHandleMementoDelimiter (3 bytes)
Event: 18.150 Thread 0x0000026f6a4fb780 nmethod 4342 0x0000026f5be56090 code [0x0000026f5be56220, 0x0000026f5be562f8]
Event: 18.150 Thread 0x0000026f6a4fb780 4343       1       org.eclipse.jdt.internal.core.ClasspathAttribute::getValue (5 bytes)
Event: 18.150 Thread 0x0000026f6a4fb780 nmethod 4343 0x0000026f5be56390 code [0x0000026f5be56520, 0x0000026f5be565f8]
Event: 18.150 Thread 0x0000026f6a4fb780 4344       1       org.eclipse.jdt.internal.core.OpenableElementInfo::setModule (6 bytes)
Event: 18.150 Thread 0x0000026f6a4fb780 nmethod 4344 0x0000026f5be56690 code [0x0000026f5be56820, 0x0000026f5be568f8]
Event: 18.201 Thread 0x0000026f6a4fb780 4350   !   2       sun.reflect.annotation.AnnotationParser::parseAnnotation2 (271 bytes)
Event: 18.203 Thread 0x0000026f6a4fb780 nmethod 4350 0x0000026f54a78e10 code [0x0000026f54a79120, 0x0000026f54a79b88]
Event: 18.209 Thread 0x0000026f6a4fb780 4351       2       java.net.URI::decode (380 bytes)
Event: 18.214 Thread 0x0000026f6a4fb780 nmethod 4351 0x0000026f54a7a390 code [0x0000026f54a7a740, 0x0000026f54a7b838]
Event: 18.214 Thread 0x0000026f6a4fb780 4352       2       org.eclipse.core.internal.filesystem.FileStoreUtil::compareSlashFirst (108 bytes)
Event: 18.220 Thread 0x0000026f6a4fb780 nmethod 4352 0x0000026f54a7c610 code [0x0000026f54a7c840, 0x0000026f54a7cef8]
Event: 18.220 Thread 0x0000026f6a4fb780 4354       2       org.eclipse.jdt.internal.core.util.Util::isValidFolderNameForPackage (19 bytes)
Event: 18.223 Thread 0x0000026f6a4fb780 nmethod 4354 0x0000026f54a7d510 code [0x0000026f54a7d6c0, 0x0000026f54a7d818]
Event: 18.223 Thread 0x0000026f6a4fb780 4353       2       java.net.URI::getPath (31 bytes)
Event: 18.223 Thread 0x0000026f6a4fb780 nmethod 4353 0x0000026f54a7d910 code [0x0000026f54a7daa0, 0x0000026f54a7dc08]
Event: 18.231 Thread 0x0000026f6a4fb780 4355       2       java.lang.Class::isAnnotation (17 bytes)
Event: 18.231 Thread 0x0000026f6a4fb780 nmethod 4355 0x0000026f54a7dd10 code [0x0000026f54a7dea0, 0x0000026f54a7dfd8]

GC Heap History (20 events):
Event: 5.118 GC heap before
{Heap before GC invocations=11 (full 2):
 PSYoungGen      total 27648K, used 24064K [0x00000000eab00000, 0x00000000ec980000, 0x0000000100000000)
  eden space 24064K, 100% used [0x00000000eab00000,0x00000000ec280000,0x00000000ec280000)
  from space 3584K, 0% used [0x00000000ec600000,0x00000000ec600000,0x00000000ec980000)
  to   space 3584K, 0% used [0x00000000ec280000,0x00000000ec280000,0x00000000ec600000)
 ParOldGen       total 68608K, used 11319K [0x00000000c0000000, 0x00000000c4300000, 0x00000000eab00000)
  object space 68608K, 16% used [0x00000000c0000000,0x00000000c0b0df60,0x00000000c4300000)
 Metaspace       used 36384K, committed 37056K, reserved 1114112K
  class space    used 3711K, committed 3968K, reserved 1048576K
}
Event: 5.120 GC heap after
{Heap after GC invocations=11 (full 2):
 PSYoungGen      total 26112K, used 2144K [0x00000000eab00000, 0x00000000ec700000, 0x0000000100000000)
  eden space 23552K, 0% used [0x00000000eab00000,0x00000000eab00000,0x00000000ec200000)
  from space 2560K, 83% used [0x00000000ec280000,0x00000000ec498020,0x00000000ec500000)
  to   space 2048K, 0% used [0x00000000ec500000,0x00000000ec500000,0x00000000ec700000)
 ParOldGen       total 68608K, used 11327K [0x00000000c0000000, 0x00000000c4300000, 0x00000000eab00000)
  object space 68608K, 16% used [0x00000000c0000000,0x00000000c0b0ff60,0x00000000c4300000)
 Metaspace       used 36384K, committed 37056K, reserved 1114112K
  class space    used 3711K, committed 3968K, reserved 1048576K
}
Event: 5.266 GC heap before
{Heap before GC invocations=12 (full 2):
 PSYoungGen      total 26112K, used 25696K [0x00000000eab00000, 0x00000000ec700000, 0x0000000100000000)
  eden space 23552K, 100% used [0x00000000eab00000,0x00000000ec200000,0x00000000ec200000)
  from space 2560K, 83% used [0x00000000ec280000,0x00000000ec498020,0x00000000ec500000)
  to   space 2048K, 0% used [0x00000000ec500000,0x00000000ec500000,0x00000000ec700000)
 ParOldGen       total 68608K, used 11327K [0x00000000c0000000, 0x00000000c4300000, 0x00000000eab00000)
  object space 68608K, 16% used [0x00000000c0000000,0x00000000c0b0ff60,0x00000000c4300000)
 Metaspace       used 36578K, committed 37248K, reserved 1114112K
  class space    used 3729K, committed 3968K, reserved 1048576K
}
Event: 5.271 GC heap after
{Heap after GC invocations=12 (full 2):
 PSYoungGen      total 24064K, used 2016K [0x00000000eab00000, 0x00000000eca80000, 0x0000000100000000)
  eden space 22016K, 0% used [0x00000000eab00000,0x00000000eab00000,0x00000000ec080000)
  from space 2048K, 98% used [0x00000000ec500000,0x00000000ec6f8020,0x00000000ec700000)
  to   space 4608K, 0% used [0x00000000ec080000,0x00000000ec080000,0x00000000ec500000)
 ParOldGen       total 68608K, used 13231K [0x00000000c0000000, 0x00000000c4300000, 0x00000000eab00000)
  object space 68608K, 19% used [0x00000000c0000000,0x00000000c0cebf60,0x00000000c4300000)
 Metaspace       used 36578K, committed 37248K, reserved 1114112K
  class space    used 3729K, committed 3968K, reserved 1048576K
}
Event: 5.409 GC heap before
{Heap before GC invocations=13 (full 2):
 PSYoungGen      total 24064K, used 24032K [0x00000000eab00000, 0x00000000eca80000, 0x0000000100000000)
  eden space 22016K, 100% used [0x00000000eab00000,0x00000000ec080000,0x00000000ec080000)
  from space 2048K, 98% used [0x00000000ec500000,0x00000000ec6f8020,0x00000000ec700000)
  to   space 4608K, 0% used [0x00000000ec080000,0x00000000ec080000,0x00000000ec500000)
 ParOldGen       total 68608K, used 13231K [0x00000000c0000000, 0x00000000c4300000, 0x00000000eab00000)
  object space 68608K, 19% used [0x00000000c0000000,0x00000000c0cebf60,0x00000000c4300000)
 Metaspace       used 36657K, committed 37248K, reserved 1114112K
  class space    used 3742K, committed 3968K, reserved 1048576K
}
Event: 5.417 GC heap after
{Heap after GC invocations=13 (full 2):
 PSYoungGen      total 24576K, used 2496K [0x00000000eab00000, 0x00000000ec680000, 0x0000000100000000)
  eden space 22016K, 0% used [0x00000000eab00000,0x00000000eab00000,0x00000000ec080000)
  from space 2560K, 97% used [0x00000000ec080000,0x00000000ec2f0020,0x00000000ec300000)
  to   space 3072K, 0% used [0x00000000ec380000,0x00000000ec380000,0x00000000ec680000)
 ParOldGen       total 68608K, used 15223K [0x00000000c0000000, 0x00000000c4300000, 0x00000000eab00000)
  object space 68608K, 22% used [0x00000000c0000000,0x00000000c0eddf80,0x00000000c4300000)
 Metaspace       used 36657K, committed 37248K, reserved 1114112K
  class space    used 3742K, committed 3968K, reserved 1048576K
}
Event: 5.465 GC heap before
{Heap before GC invocations=14 (full 2):
 PSYoungGen      total 24576K, used 24512K [0x00000000eab00000, 0x00000000ec680000, 0x0000000100000000)
  eden space 22016K, 100% used [0x00000000eab00000,0x00000000ec080000,0x00000000ec080000)
  from space 2560K, 97% used [0x00000000ec080000,0x00000000ec2f0020,0x00000000ec300000)
  to   space 3072K, 0% used [0x00000000ec380000,0x00000000ec380000,0x00000000ec680000)
 ParOldGen       total 68608K, used 15223K [0x00000000c0000000, 0x00000000c4300000, 0x00000000eab00000)
  object space 68608K, 22% used [0x00000000c0000000,0x00000000c0eddf80,0x00000000c4300000)
 Metaspace       used 36657K, committed 37248K, reserved 1114112K
  class space    used 3742K, committed 3968K, reserved 1048576K
}
Event: 5.470 GC heap after
{Heap after GC invocations=14 (full 2):
 PSYoungGen      total 24576K, used 2144K [0x00000000eab00000, 0x00000000ec600000, 0x0000000100000000)
  eden space 22016K, 0% used [0x00000000eab00000,0x00000000eab00000,0x00000000ec080000)
  from space 2560K, 83% used [0x00000000ec380000,0x00000000ec598000,0x00000000ec600000)
  to   space 2560K, 0% used [0x00000000ec080000,0x00000000ec080000,0x00000000ec300000)
 ParOldGen       total 68608K, used 17552K [0x00000000c0000000, 0x00000000c4300000, 0x00000000eab00000)
  object space 68608K, 25% used [0x00000000c0000000,0x00000000c1124368,0x00000000c4300000)
 Metaspace       used 36657K, committed 37248K, reserved 1114112K
  class space    used 3742K, committed 3968K, reserved 1048576K
}
Event: 5.517 GC heap before
{Heap before GC invocations=15 (full 2):
 PSYoungGen      total 24576K, used 24160K [0x00000000eab00000, 0x00000000ec600000, 0x0000000100000000)
  eden space 22016K, 100% used [0x00000000eab00000,0x00000000ec080000,0x00000000ec080000)
  from space 2560K, 83% used [0x00000000ec380000,0x00000000ec598000,0x00000000ec600000)
  to   space 2560K, 0% used [0x00000000ec080000,0x00000000ec080000,0x00000000ec300000)
 ParOldGen       total 68608K, used 17552K [0x00000000c0000000, 0x00000000c4300000, 0x00000000eab00000)
  object space 68608K, 25% used [0x00000000c0000000,0x00000000c1124368,0x00000000c4300000)
 Metaspace       used 36661K, committed 37248K, reserved 1114112K
  class space    used 3742K, committed 3968K, reserved 1048576K
}
Event: 5.521 GC heap after
{Heap after GC invocations=15 (full 2):
 PSYoungGen      total 24576K, used 2368K [0x00000000eab00000, 0x00000000ec580000, 0x0000000100000000)
  eden space 22016K, 0% used [0x00000000eab00000,0x00000000eab00000,0x00000000ec080000)
  from space 2560K, 92% used [0x00000000ec080000,0x00000000ec2d0010,0x00000000ec300000)
  to   space 2560K, 0% used [0x00000000ec300000,0x00000000ec300000,0x00000000ec580000)
 ParOldGen       total 68608K, used 19520K [0x00000000c0000000, 0x00000000c4300000, 0x00000000eab00000)
  object space 68608K, 28% used [0x00000000c0000000,0x00000000c1310368,0x00000000c4300000)
 Metaspace       used 36661K, committed 37248K, reserved 1114112K
  class space    used 3742K, committed 3968K, reserved 1048576K
}
Event: 5.572 GC heap before
{Heap before GC invocations=16 (full 2):
 PSYoungGen      total 24576K, used 24384K [0x00000000eab00000, 0x00000000ec580000, 0x0000000100000000)
  eden space 22016K, 100% used [0x00000000eab00000,0x00000000ec080000,0x00000000ec080000)
  from space 2560K, 92% used [0x00000000ec080000,0x00000000ec2d0010,0x00000000ec300000)
  to   space 2560K, 0% used [0x00000000ec300000,0x00000000ec300000,0x00000000ec580000)
 ParOldGen       total 68608K, used 19520K [0x00000000c0000000, 0x00000000c4300000, 0x00000000eab00000)
  object space 68608K, 28% used [0x00000000c0000000,0x00000000c1310368,0x00000000c4300000)
 Metaspace       used 36661K, committed 37248K, reserved 1114112K
  class space    used 3742K, committed 3968K, reserved 1048576K
}
Event: 5.575 GC heap after
{Heap after GC invocations=16 (full 2):
 PSYoungGen      total 24576K, used 1920K [0x00000000eab00000, 0x00000000ec580000, 0x0000000100000000)
  eden space 22016K, 0% used [0x00000000eab00000,0x00000000eab00000,0x00000000ec080000)
  from space 2560K, 75% used [0x00000000ec300000,0x00000000ec4e0000,0x00000000ec580000)
  to   space 2560K, 0% used [0x00000000ec080000,0x00000000ec080000,0x00000000ec300000)
 ParOldGen       total 68608K, used 21760K [0x00000000c0000000, 0x00000000c4300000, 0x00000000eab00000)
  object space 68608K, 31% used [0x00000000c0000000,0x00000000c1540378,0x00000000c4300000)
 Metaspace       used 36661K, committed 37248K, reserved 1114112K
  class space    used 3742K, committed 3968K, reserved 1048576K
}
Event: 15.788 GC heap before
{Heap before GC invocations=17 (full 2):
 PSYoungGen      total 24576K, used 23936K [0x00000000eab00000, 0x00000000ec580000, 0x0000000100000000)
  eden space 22016K, 100% used [0x00000000eab00000,0x00000000ec080000,0x00000000ec080000)
  from space 2560K, 75% used [0x00000000ec300000,0x00000000ec4e0000,0x00000000ec580000)
  to   space 2560K, 0% used [0x00000000ec080000,0x00000000ec080000,0x00000000ec300000)
 ParOldGen       total 68608K, used 21760K [0x00000000c0000000, 0x00000000c4300000, 0x00000000eab00000)
  object space 68608K, 31% used [0x00000000c0000000,0x00000000c1540378,0x00000000c4300000)
 Metaspace       used 38709K, committed 39488K, reserved 1114112K
  class space    used 3982K, committed 4352K, reserved 1048576K
}
Event: 15.791 GC heap after
{Heap after GC invocations=17 (full 2):
 PSYoungGen      total 24576K, used 2104K [0x00000000eab00000, 0x00000000ec580000, 0x0000000100000000)
  eden space 22016K, 0% used [0x00000000eab00000,0x00000000eab00000,0x00000000ec080000)
  from space 2560K, 82% used [0x00000000ec080000,0x00000000ec28e098,0x00000000ec300000)
  to   space 2560K, 0% used [0x00000000ec300000,0x00000000ec300000,0x00000000ec580000)
 ParOldGen       total 68608K, used 23550K [0x00000000c0000000, 0x00000000c4300000, 0x00000000eab00000)
  object space 68608K, 34% used [0x00000000c0000000,0x00000000c16ffbf8,0x00000000c4300000)
 Metaspace       used 38709K, committed 39488K, reserved 1114112K
  class space    used 3982K, committed 4352K, reserved 1048576K
}
Event: 16.850 GC heap before
{Heap before GC invocations=18 (full 2):
 PSYoungGen      total 24576K, used 24120K [0x00000000eab00000, 0x00000000ec580000, 0x0000000100000000)
  eden space 22016K, 100% used [0x00000000eab00000,0x00000000ec080000,0x00000000ec080000)
  from space 2560K, 82% used [0x00000000ec080000,0x00000000ec28e098,0x00000000ec300000)
  to   space 2560K, 0% used [0x00000000ec300000,0x00000000ec300000,0x00000000ec580000)
 ParOldGen       total 68608K, used 23550K [0x00000000c0000000, 0x00000000c4300000, 0x00000000eab00000)
  object space 68608K, 34% used [0x00000000c0000000,0x00000000c16ffbf8,0x00000000c4300000)
 Metaspace       used 40340K, committed 41088K, reserved 1114112K
  class space    used 4141K, committed 4480K, reserved 1048576K
}
Event: 16.853 GC heap after
{Heap after GC invocations=18 (full 2):
 PSYoungGen      total 23040K, used 640K [0x00000000eab00000, 0x00000000ec400000, 0x0000000100000000)
  eden space 22016K, 0% used [0x00000000eab00000,0x00000000eab00000,0x00000000ec080000)
  from space 1024K, 62% used [0x00000000ec300000,0x00000000ec3a0000,0x00000000ec400000)
  to   space 1536K, 0% used [0x00000000ec100000,0x00000000ec100000,0x00000000ec280000)
 ParOldGen       total 68608K, used 25545K [0x00000000c0000000, 0x00000000c4300000, 0x00000000eab00000)
  object space 68608K, 37% used [0x00000000c0000000,0x00000000c18f2788,0x00000000c4300000)
 Metaspace       used 40340K, committed 41088K, reserved 1114112K
  class space    used 4141K, committed 4480K, reserved 1048576K
}
Event: 17.274 GC heap before
{Heap before GC invocations=19 (full 2):
 PSYoungGen      total 23040K, used 22505K [0x00000000eab00000, 0x00000000ec400000, 0x0000000100000000)
  eden space 22016K, 99% used [0x00000000eab00000,0x00000000ec05a448,0x00000000ec080000)
  from space 1024K, 62% used [0x00000000ec300000,0x00000000ec3a0000,0x00000000ec400000)
  to   space 1536K, 0% used [0x00000000ec100000,0x00000000ec100000,0x00000000ec280000)
 ParOldGen       total 68608K, used 25545K [0x00000000c0000000, 0x00000000c4300000, 0x00000000eab00000)
  object space 68608K, 37% used [0x00000000c0000000,0x00000000c18f2788,0x00000000c4300000)
 Metaspace       used 41272K, committed 42048K, reserved 1114112K
  class space    used 4211K, committed 4544K, reserved 1048576K
}
Event: 17.278 GC heap after
{Heap after GC invocations=19 (full 2):
 PSYoungGen      total 23552K, used 1463K [0x00000000eab00000, 0x00000000ec480000, 0x0000000100000000)
  eden space 22016K, 0% used [0x00000000eab00000,0x00000000eab00000,0x00000000ec080000)
  from space 1536K, 95% used [0x00000000ec100000,0x00000000ec26dea8,0x00000000ec280000)
  to   space 2048K, 0% used [0x00000000ec280000,0x00000000ec280000,0x00000000ec480000)
 ParOldGen       total 68608K, used 26172K [0x00000000c0000000, 0x00000000c4300000, 0x00000000eab00000)
  object space 68608K, 38% used [0x00000000c0000000,0x00000000c198f078,0x00000000c4300000)
 Metaspace       used 41272K, committed 42048K, reserved 1114112K
  class space    used 4211K, committed 4544K, reserved 1048576K
}
Event: 17.544 GC heap before
{Heap before GC invocations=20 (full 2):
 PSYoungGen      total 23552K, used 23479K [0x00000000eab00000, 0x00000000ec480000, 0x0000000100000000)
  eden space 22016K, 100% used [0x00000000eab00000,0x00000000ec080000,0x00000000ec080000)
  from space 1536K, 95% used [0x00000000ec100000,0x00000000ec26dea8,0x00000000ec280000)
  to   space 2048K, 0% used [0x00000000ec280000,0x00000000ec280000,0x00000000ec480000)
 ParOldGen       total 68608K, used 26172K [0x00000000c0000000, 0x00000000c4300000, 0x00000000eab00000)
  object space 68608K, 38% used [0x00000000c0000000,0x00000000c198f078,0x00000000c4300000)
 Metaspace       used 42078K, committed 42880K, reserved 1114112K
  class space    used 4289K, committed 4672K, reserved 1048576K
}
Event: 17.546 GC heap after
{Heap after GC invocations=20 (full 2):
 PSYoungGen      total 22528K, used 160K [0x00000000eab00000, 0x00000000ec300000, 0x0000000100000000)
  eden space 22016K, 0% used [0x00000000eab00000,0x00000000eab00000,0x00000000ec080000)
  from space 512K, 31% used [0x00000000ec280000,0x00000000ec2a8000,0x00000000ec300000)
  to   space 1024K, 0% used [0x00000000ec100000,0x00000000ec100000,0x00000000ec200000)
 ParOldGen       total 68608K, used 26485K [0x00000000c0000000, 0x00000000c4300000, 0x00000000eab00000)
  object space 68608K, 38% used [0x00000000c0000000,0x00000000c19dd4e8,0x00000000c4300000)
 Metaspace       used 42078K, committed 42880K, reserved 1114112K
  class space    used 4289K, committed 4672K, reserved 1048576K
}

Dll operation events (10 events):
Event: 0.010 Loaded shared library c:\Users\Binh\.vscode\extensions\redhat.java-1.22.2023081104-win32-x64\jre\17.0.8-win32-x86_64\bin\java.dll
Event: 0.156 Loaded shared library c:\Users\Binh\.vscode\extensions\redhat.java-1.22.2023081104-win32-x64\jre\17.0.8-win32-x86_64\bin\zip.dll
Event: 0.160 Loaded shared library C:\Users\Binh\.vscode\extensions\redhat.java-1.22.2023081104-win32-x64\jre\17.0.8-win32-x86_64\bin\instrument.dll
Event: 0.176 Loaded shared library C:\Users\Binh\.vscode\extensions\redhat.java-1.22.2023081104-win32-x64\jre\17.0.8-win32-x86_64\bin\net.dll
Event: 0.178 Loaded shared library C:\Users\Binh\.vscode\extensions\redhat.java-1.22.2023081104-win32-x64\jre\17.0.8-win32-x86_64\bin\nio.dll
Event: 0.184 Loaded shared library C:\Users\Binh\.vscode\extensions\redhat.java-1.22.2023081104-win32-x64\jre\17.0.8-win32-x86_64\bin\zip.dll
Event: 0.197 Loaded shared library C:\Users\Binh\.vscode\extensions\redhat.java-1.22.2023081104-win32-x64\jre\17.0.8-win32-x86_64\bin\jimage.dll
Event: 0.239 Loaded shared library c:\Users\Binh\.vscode\extensions\redhat.java-1.22.2023081104-win32-x64\jre\17.0.8-win32-x86_64\bin\verify.dll
Event: 1.134 Loaded shared library C:\Users\Binh\AppData\Roaming\Code\User\globalStorage\redhat.java\1.22.2023081104\config_ss_win\org.eclipse.equinox.launcher\org.eclipse.equinox.launcher.win32.win32.x86_64_1.2.700.v20221108-1024\eclipse_11801.dll
Event: 4.290 Loaded shared library C:\Users\Binh\AppData\Local\Temp\jna-2070625\jna4896082288874170226.dll

Deoptimization events (20 events):
Event: 17.229 Thread 0x0000026f6cf60d20 DEOPT PACKING pc=0x0000026f5bd40a04 sp=0x0000009483cf9110
Event: 17.229 Thread 0x0000026f6cf60d20 DEOPT UNPACKING pc=0x0000026f5b6f66a3 sp=0x0000009483cf90a8 mode 2
Event: 17.229 Thread 0x0000026f6cf60d20 Uncommon trap: trap_request=0xffffffde fr.pc=0x0000026f5bd40a04 relative=0x00000000000081c4
Event: 17.229 Thread 0x0000026f6cf60d20 Uncommon trap: reason=class_check action=maybe_recompile pc=0x0000026f5bd40a04 method=lombok.patcher.PatchScript$MethodPatcher.visitMethod(ILjava/lang/String;Ljava/lang/String;Ljava/lang/String;[Ljava/lang/String;)Lorg/objectweb/asm/MethodVisitor; @ 101 c
Event: 17.229 Thread 0x0000026f6cf60d20 DEOPT PACKING pc=0x0000026f5bd40a04 sp=0x0000009483cf9110
Event: 17.229 Thread 0x0000026f6cf60d20 DEOPT UNPACKING pc=0x0000026f5b6f66a3 sp=0x0000009483cf90a8 mode 2
Event: 17.229 Thread 0x0000026f6cf60d20 Uncommon trap: trap_request=0xffffffde fr.pc=0x0000026f5bd283fc relative=0x00000000000029dc
Event: 17.229 Thread 0x0000026f6cf60d20 Uncommon trap: reason=class_check action=maybe_recompile pc=0x0000026f5bd283fc method=lombok.patcher.PatchScript$MethodPatcher.visitMethod(ILjava/lang/String;Ljava/lang/String;Ljava/lang/String;[Ljava/lang/String;)Lorg/objectweb/asm/MethodVisitor; @ 101 c
Event: 17.229 Thread 0x0000026f6cf60d20 DEOPT PACKING pc=0x0000026f5bd283fc sp=0x0000009483cf90a0
Event: 17.229 Thread 0x0000026f6cf60d20 DEOPT UNPACKING pc=0x0000026f5b6f66a3 sp=0x0000009483cf90a8 mode 2
Event: 17.599 Thread 0x0000026f6cf60d20 Uncommon trap: trap_request=0xffffff45 fr.pc=0x0000026f5be44c78 relative=0x0000000000000658
Event: 17.599 Thread 0x0000026f6cf60d20 Uncommon trap: reason=unstable_if action=reinterpret pc=0x0000026f5be44c78 method=java.util.concurrent.locks.ReentrantLock$Sync.lock()V @ 4 c2
Event: 17.599 Thread 0x0000026f6cf60d20 DEOPT PACKING pc=0x0000026f5be44c78 sp=0x0000009483cfcd10
Event: 17.599 Thread 0x0000026f6cf60d20 DEOPT UNPACKING pc=0x0000026f5b6f66a3 sp=0x0000009483cfcc10 mode 2
Event: 18.119 Thread 0x0000026f6cf5d060 DEOPT PACKING pc=0x0000026f54a61a40 sp=0x00000094831fd930
Event: 18.119 Thread 0x0000026f6cf5d060 DEOPT UNPACKING pc=0x0000026f5b6f6e43 sp=0x00000094831fce38 mode 0
Event: 18.125 Thread 0x0000026f6cf63090 Uncommon trap: trap_request=0xffffff45 fr.pc=0x0000026f5bde18e0 relative=0x0000000000000620
Event: 18.126 Thread 0x0000026f6cf63090 Uncommon trap: reason=unstable_if action=reinterpret pc=0x0000026f5bde18e0 method=org.eclipse.jdt.internal.core.util.HashtableOfArrayToObject.get([Ljava/lang/Object;)Ljava/lang/Object; @ 64 c2
Event: 18.126 Thread 0x0000026f6cf63090 DEOPT PACKING pc=0x0000026f5bde18e0 sp=0x0000009483dfe5b0
Event: 18.126 Thread 0x0000026f6cf63090 DEOPT UNPACKING pc=0x0000026f5b6f66a3 sp=0x0000009483dfe570 mode 2

Classes unloaded (7 events):
Event: 2.411 Thread 0x0000026f6a4c2860 Unloading class 0x0000000100219000 'java/lang/invoke/LambdaForm$MH+0x0000000100219000'
Event: 2.411 Thread 0x0000026f6a4c2860 Unloading class 0x0000000100218c00 'java/lang/invoke/LambdaForm$MH+0x0000000100218c00'
Event: 2.411 Thread 0x0000026f6a4c2860 Unloading class 0x0000000100218800 'java/lang/invoke/LambdaForm$MH+0x0000000100218800'
Event: 2.411 Thread 0x0000026f6a4c2860 Unloading class 0x0000000100218400 'java/lang/invoke/LambdaForm$MH+0x0000000100218400'
Event: 2.411 Thread 0x0000026f6a4c2860 Unloading class 0x0000000100218000 'java/lang/invoke/LambdaForm$BMH+0x0000000100218000'
Event: 2.411 Thread 0x0000026f6a4c2860 Unloading class 0x0000000100217c00 'java/lang/invoke/LambdaForm$DMH+0x0000000100217c00'
Event: 2.411 Thread 0x0000026f6a4c2860 Unloading class 0x0000000100215000 'java/lang/invoke/LambdaForm$DMH+0x0000000100215000'

Classes redefined (0 events):
No events

Internal exceptions (20 events):
Event: 4.208 Thread 0x0000026f6a703ed0 Exception <a 'java/io/FileNotFoundException'{0x00000000ebfc4360}> (0x00000000ebfc4360) 
thrown [s\src\hotspot\share\prims\jni.cpp, line 516]
Event: 4.325 Thread 0x0000026f6c6fe9d0 Exception <a 'java/lang/UnsatisfiedLinkError'{0x00000000ec1a3970}: The specified procedure could not be found.
> (0x00000000ec1a3970) 
thrown [s\src\hotspot\share\prims\jni.cpp, line 535]
Event: 4.330 Thread 0x0000026f6c6fe9d0 Exception <a 'java/io/FileNotFoundException'{0x00000000ec1c68d0}> (0x00000000ec1c68d0) 
thrown [s\src\hotspot\share\prims\jni.cpp, line 516]
Event: 4.340 Thread 0x0000026f6c6fe9d0 Exception <a 'java/io/FileNotFoundException'{0x00000000ec239b70}> (0x00000000ec239b70) 
thrown [s\src\hotspot\share\prims\jni.cpp, line 516]
Event: 4.349 Thread 0x0000026f6c6fe9d0 Exception <a 'java/lang/UnsatisfiedLinkError'{0x00000000ec2c5fd0}: The specified procedure could not be found.
> (0x00000000ec2c5fd0) 
thrown [s\src\hotspot\share\prims\jni.cpp, line 535]
Event: 4.389 Thread 0x0000026f514fa270 Exception <a 'java/lang/NoSuchMethodError'{0x00000000eaca8ad8}: 'java.lang.Object java.lang.invoke.DirectMethodHandle$Holder.invokeStatic(java.lang.Object, java.lang.Object, long, java.lang.Object)'> (0x00000000eaca8ad8) 
thrown [s\src\hotspot\share\interpreter\linkResolver.cpp, line 759]
Event: 4.390 Thread 0x0000026f514fa270 Exception <a 'java/lang/NoSuchMethodError'{0x00000000eacac570}: 'java.lang.Object java.lang.invoke.DirectMethodHandle$Holder.invokeStaticInit(java.lang.Object, java.lang.Object, long, java.lang.Object)'> (0x00000000eacac570) 
thrown [s\src\hotspot\share\interpreter\linkResolver.cpp, line 759]
Event: 4.391 Thread 0x0000026f514fa270 Exception <a 'java/lang/NoSuchMethodError'{0x00000000eacb2ec0}: 'java.lang.Object java.lang.invoke.DirectMethodHandle$Holder.newInvokeSpecial(java.lang.Object, java.lang.Object, long)'> (0x00000000eacb2ec0) 
thrown [s\src\hotspot\share\interpreter\linkResolver.cpp, line 759]
Event: 4.436 Thread 0x0000026f514fa270 Exception <a 'java/lang/NoSuchMethodError'{0x00000000eae4eba8}: 'void java.lang.invoke.DirectMethodHandle$Holder.invokeStatic(java.lang.Object, java.lang.Object, java.lang.Object, java.lang.Object)'> (0x00000000eae4eba8) 
thrown [s\src\hotspot\share\interpreter\linkResolver.cpp, line 759]
Event: 4.590 Thread 0x0000026f514fa270 Exception <a 'java/lang/NoSuchMethodError'{0x00000000eb65ece0}: 'void java.lang.invoke.DirectMethodHandle$Holder.invokeSpecial(java.lang.Object, java.lang.Object, java.lang.Object, java.lang.Object, java.lang.Object, java.lang.Object)'> (0x00000000eb65ece0) 
thrown [s\src\hotspot\share\interpreter\linkResolver.cpp, line 759]
Event: 4.592 Thread 0x0000026f514fa270 Exception <a 'java/lang/IncompatibleClassChangeError'{0x00000000eb6686e8}: Found class java.lang.Object, but interface was expected> (0x00000000eb6686e8) 
thrown [s\src\hotspot\share\interpreter\linkResolver.cpp, line 826]
Event: 4.775 Thread 0x0000026f6cf5e4a0 Exception <a 'java/io/FileNotFoundException'{0x00000000ebc2e6d8}> (0x00000000ebc2e6d8) 
thrown [s\src\hotspot\share\prims\jni.cpp, line 516]
Event: 4.800 Thread 0x0000026f6cf5e4a0 Exception <a 'sun/nio/fs/WindowsException'{0x00000000ebda4b28}> (0x00000000ebda4b28) 
thrown [s\src\hotspot\share\prims\jni.cpp, line 516]
Event: 4.913 Thread 0x0000026f6a7034b0 Exception <a 'java/lang/NoSuchMethodError'{0x00000000eadb4fd0}: 'java.lang.Object java.lang.invoke.Invokers$Holder.invoke_MT(java.lang.Object, java.lang.Object, java.lang.Object)'> (0x00000000eadb4fd0) 
thrown [s\src\hotspot\share\interpreter\linkResolver.cpp, line 759]
Event: 5.170 Thread 0x0000026f6a7034b0 Exception <a 'java/io/FileNotFoundException'{0x00000000eaefd7e0}> (0x00000000eaefd7e0) 
thrown [s\src\hotspot\share\prims\jni.cpp, line 516]
Event: 5.171 Thread 0x0000026f6a7034b0 Exception <a 'java/io/FileNotFoundException'{0x00000000eaefed08}> (0x00000000eaefed08) 
thrown [s\src\hotspot\share\prims\jni.cpp, line 516]
Event: 5.174 Thread 0x0000026f6a7034b0 Exception <a 'java/lang/NoSuchMethodError'{0x00000000eaf0aee0}: 'void java.lang.invoke.DirectMethodHandle$Holder.invokeStaticInit(java.lang.Object, java.lang.Object, java.lang.Object)'> (0x00000000eaf0aee0) 
thrown [s\src\hotspot\share\interpreter\linkResolver.cpp, line 759]
Event: 15.486 Thread 0x0000026f6cf5d060 Exception <a 'java/lang/NoSuchMethodError'{0x00000000eb30f240}: 'java.lang.Object java.lang.invoke.DirectMethodHandle$Holder.invokeInterface(java.lang.Object, java.lang.Object, java.lang.Object)'> (0x00000000eb30f240) 
thrown [s\src\hotspot\share\interpreter\linkResolver.cpp, line 759]
Event: 16.892 Thread 0x0000026f6cf5d060 Implicit null exception at 0x0000026f5bd8814f to 0x0000026f5bd88e60
Event: 17.104 Thread 0x0000026f6cf61c50 Exception <a 'java/lang/LinkageError'{0x00000000eb09fa00}: loader lombok.launch.ShadowClassLoader @144aecbe attempted duplicate class definition for lombok.launch.PatchFixesHider$ValPortal. (lombok.launch.PatchFixesHider$ValPortal is in unnamed module of loader lombok.launch.ShadowClassLoader @144aecbe, parent loader org.eclipse.osgi.internal.loader.EquinoxClassLoader @26d9698f)> (0x00000000eb09fa00) 
thrown [s\src\hotspot\share\classfile\systemDictionary.cpp, line 1724]

VM Operations (20 events):
Event: 15.749 Executing VM operation: HandshakeAllThreads
Event: 15.749 Executing VM operation: HandshakeAllThreads done
Event: 15.788 Executing VM operation: ParallelGCFailedAllocation
Event: 15.791 Executing VM operation: ParallelGCFailedAllocation done
Event: 16.800 Executing VM operation: Cleanup
Event: 16.801 Executing VM operation: Cleanup done
Event: 16.849 Executing VM operation: ParallelGCFailedAllocation
Event: 16.853 Executing VM operation: ParallelGCFailedAllocation done
Event: 17.274 Executing VM operation: ParallelGCFailedAllocation
Event: 17.278 Executing VM operation: ParallelGCFailedAllocation done
Event: 17.544 Executing VM operation: ParallelGCFailedAllocation
Event: 17.546 Executing VM operation: ParallelGCFailedAllocation done
Event: 17.631 Executing VM operation: HandshakeAllThreads
Event: 17.631 Executing VM operation: HandshakeAllThreads done
Event: 17.672 Executing VM operation: HandshakeAllThreads
Event: 17.672 Executing VM operation: HandshakeAllThreads done
Event: 18.218 Executing VM operation: HandshakeAllThreads
Event: 18.219 Executing VM operation: HandshakeAllThreads done
Event: 18.221 Executing VM operation: HandshakeAllThreads
Event: 18.221 Executing VM operation: HandshakeAllThreads done

Events (20 events):
Event: 17.605 loading class java/util/stream/ReferencePipeline$4$1 done
Event: 17.685 loading class java/util/Hashtable$ValueCollection
Event: 17.685 loading class java/util/Hashtable$ValueCollection done
Event: 17.811 Thread 0x0000026f6cb5e070 Thread added: 0x0000026f6cb5e070
Event: 18.073 loading class java/util/regex/PatternSyntaxException
Event: 18.074 loading class java/util/regex/PatternSyntaxException done
Event: 18.122 loading class sun/reflect/misc/ReflectUtil
Event: 18.122 loading class sun/reflect/misc/ReflectUtil done
Event: 18.130 loading class java/util/stream/MatchOps$MatchKind
Event: 18.130 loading class java/util/stream/MatchOps$MatchKind done
Event: 18.131 loading class java/util/stream/MatchOps
Event: 18.131 loading class java/util/stream/MatchOps done
Event: 18.131 loading class java/util/stream/MatchOps$MatchOp
Event: 18.131 loading class java/util/stream/MatchOps$MatchOp done
Event: 18.131 loading class java/util/stream/MatchOps$BooleanTerminalSink
Event: 18.131 loading class java/util/stream/MatchOps$BooleanTerminalSink done
Event: 18.132 loading class java/util/stream/MatchOps$1MatchSink
Event: 18.132 loading class java/util/stream/MatchOps$1MatchSink done
Event: 18.214 loading class java/util/stream/SortedOps$SizedRefSortingSink
Event: 18.215 loading class java/util/stream/SortedOps$SizedRefSortingSink done


Dynamic libraries:
0x00007ff6b5360000 - 0x00007ff6b536e000 	c:\Users\Binh\.vscode\extensions\redhat.java-1.22.2023081104-win32-x64\jre\17.0.8-win32-x86_64\bin\java.exe
0x00007ffc81610000 - 0x00007ffc81824000 	C:\WINDOWS\SYSTEM32\ntdll.dll
0x00007ffc80690000 - 0x00007ffc80754000 	C:\WINDOWS\System32\KERNEL32.DLL
0x00007ffc7ea70000 - 0x00007ffc7ee14000 	C:\WINDOWS\System32\KERNELBASE.dll
0x00007ffc7f2b0000 - 0x00007ffc7f3c1000 	C:\WINDOWS\System32\ucrtbase.dll
0x00007ffb83930000 - 0x00007ffb83947000 	c:\Users\Binh\.vscode\extensions\redhat.java-1.22.2023081104-win32-x64\jre\17.0.8-win32-x86_64\bin\jli.dll
0x00007ffb92d70000 - 0x00007ffb92d89000 	c:\Users\Binh\.vscode\extensions\redhat.java-1.22.2023081104-win32-x64\jre\17.0.8-win32-x86_64\bin\VCRUNTIME140.dll
0x00007ffc80760000 - 0x00007ffc8090a000 	C:\WINDOWS\System32\USER32.dll
0x00007ffc7eec0000 - 0x00007ffc7eee6000 	C:\WINDOWS\System32\win32u.dll
0x00007ffc6c220000 - 0x00007ffc6c4af000 	C:\WINDOWS\WinSxS\amd64_microsoft.windows.common-controls_6595b64144ccf1df_6.0.22621.2070_none_2713e6537381f706\COMCTL32.dll
0x00007ffc7f7d0000 - 0x00007ffc7f877000 	C:\WINDOWS\System32\msvcrt.dll
0x00007ffc7f880000 - 0x00007ffc7f8a9000 	C:\WINDOWS\System32\GDI32.dll
0x00007ffc7f190000 - 0x00007ffc7f2a9000 	C:\WINDOWS\System32\gdi32full.dll
0x00007ffc7ee20000 - 0x00007ffc7eeba000 	C:\WINDOWS\System32\msvcp_win.dll
0x00007ffc81590000 - 0x00007ffc815c1000 	C:\WINDOWS\System32\IMM32.DLL
0x00007ffc502e0000 - 0x00007ffc502ec000 	c:\Users\Binh\.vscode\extensions\redhat.java-1.22.2023081104-win32-x64\jre\17.0.8-win32-x86_64\bin\vcruntime140_1.dll
0x00007ffb81ef0000 - 0x00007ffb81f81000 	c:\Users\Binh\.vscode\extensions\redhat.java-1.22.2023081104-win32-x64\jre\17.0.8-win32-x86_64\bin\msvcp140.dll
0x00007ffb7fbd0000 - 0x00007ffb8081c000 	c:\Users\Binh\.vscode\extensions\redhat.java-1.22.2023081104-win32-x64\jre\17.0.8-win32-x86_64\bin\server\jvm.dll
0x00007ffc80920000 - 0x00007ffc809d0000 	C:\WINDOWS\System32\ADVAPI32.dll
0x00007ffc7f9c0000 - 0x00007ffc7fa66000 	C:\WINDOWS\System32\sechost.dll
0x00007ffc80c30000 - 0x00007ffc80d47000 	C:\WINDOWS\System32\RPCRT4.dll
0x00007ffc73b90000 - 0x00007ffc73b99000 	C:\WINDOWS\SYSTEM32\WSOCK32.dll
0x00007ffc7e8c0000 - 0x00007ffc7e90d000 	C:\WINDOWS\SYSTEM32\POWRPROF.dll
0x00007ffc80ab0000 - 0x00007ffc80b21000 	C:\WINDOWS\System32\WS2_32.dll
0x00007ffc76ff0000 - 0x00007ffc76ffa000 	C:\WINDOWS\SYSTEM32\VERSION.dll
0x00007ffc75b40000 - 0x00007ffc75b74000 	C:\WINDOWS\SYSTEM32\WINMM.dll
0x00007ffc7e8a0000 - 0x00007ffc7e8b3000 	C:\WINDOWS\SYSTEM32\UMPDC.dll
0x00007ffc7d9a0000 - 0x00007ffc7d9b8000 	C:\WINDOWS\SYSTEM32\kernel.appcore.dll
0x00007ffc4a0a0000 - 0x00007ffc4a0aa000 	c:\Users\Binh\.vscode\extensions\redhat.java-1.22.2023081104-win32-x64\jre\17.0.8-win32-x86_64\bin\jimage.dll
0x00007ffc72df0000 - 0x00007ffc7301e000 	C:\WINDOWS\SYSTEM32\DBGHELP.DLL
0x00007ffc80300000 - 0x00007ffc8068a000 	C:\WINDOWS\System32\combase.dll
0x00007ffc809d0000 - 0x00007ffc80aa7000 	C:\WINDOWS\System32\OLEAUT32.dll
0x00007ffc68db0000 - 0x00007ffc68de2000 	C:\WINDOWS\SYSTEM32\dbgcore.DLL
0x00007ffc7e9f0000 - 0x00007ffc7ea6a000 	C:\WINDOWS\System32\bcryptPrimitives.dll
0x00007ffc43980000 - 0x00007ffc4398e000 	c:\Users\Binh\.vscode\extensions\redhat.java-1.22.2023081104-win32-x64\jre\17.0.8-win32-x86_64\bin\instrument.dll
0x00007ffb83900000 - 0x00007ffb83925000 	c:\Users\Binh\.vscode\extensions\redhat.java-1.22.2023081104-win32-x64\jre\17.0.8-win32-x86_64\bin\java.dll
0x00007ffb838e0000 - 0x00007ffb838f8000 	c:\Users\Binh\.vscode\extensions\redhat.java-1.22.2023081104-win32-x64\jre\17.0.8-win32-x86_64\bin\zip.dll
0x00007ffc7fae0000 - 0x00007ffc802f6000 	C:\WINDOWS\System32\SHELL32.dll
0x00007ffc7c970000 - 0x00007ffc7d25a000 	C:\WINDOWS\SYSTEM32\windows.storage.dll
0x00007ffc7c830000 - 0x00007ffc7c96e000 	C:\WINDOWS\SYSTEM32\wintypes.dll
0x00007ffc7f6b0000 - 0x00007ffc7f7a3000 	C:\WINDOWS\System32\SHCORE.dll
0x00007ffc7fa80000 - 0x00007ffc7fade000 	C:\WINDOWS\System32\shlwapi.dll
0x00007ffc7e920000 - 0x00007ffc7e946000 	C:\WINDOWS\SYSTEM32\profapi.dll
0x00007ffb83640000 - 0x00007ffb83659000 	C:\Users\Binh\.vscode\extensions\redhat.java-1.22.2023081104-win32-x64\jre\17.0.8-win32-x86_64\bin\net.dll
0x00007ffc771f0000 - 0x00007ffc77327000 	C:\WINDOWS\SYSTEM32\WINHTTP.dll
0x00007ffc7de70000 - 0x00007ffc7ded9000 	C:\WINDOWS\system32\mswsock.dll
0x00007ffb81ed0000 - 0x00007ffb81ee5000 	C:\Users\Binh\.vscode\extensions\redhat.java-1.22.2023081104-win32-x64\jre\17.0.8-win32-x86_64\bin\nio.dll
0x00007ffc43230000 - 0x00007ffc43240000 	c:\Users\Binh\.vscode\extensions\redhat.java-1.22.2023081104-win32-x64\jre\17.0.8-win32-x86_64\bin\verify.dll
0x00007ffb81e90000 - 0x00007ffb81ece000 	C:\Users\Binh\AppData\Roaming\Code\User\globalStorage\redhat.java\1.22.2023081104\config_ss_win\org.eclipse.equinox.launcher\org.eclipse.equinox.launcher.win32.win32.x86_64_1.2.700.v20221108-1024\eclipse_11801.dll
0x00007ffc80de0000 - 0x00007ffc80f7c000 	C:\WINDOWS\System32\ole32.dll
0x00007ffc7e100000 - 0x00007ffc7e11b000 	C:\WINDOWS\SYSTEM32\CRYPTSP.dll
0x00007ffc7d960000 - 0x00007ffc7d995000 	C:\WINDOWS\system32\rsaenh.dll
0x00007ffc7df80000 - 0x00007ffc7dfac000 	C:\WINDOWS\SYSTEM32\USERENV.dll
0x00007ffc7e2c0000 - 0x00007ffc7e2e8000 	C:\WINDOWS\SYSTEM32\bcrypt.dll
0x00007ffc7e120000 - 0x00007ffc7e12c000 	C:\WINDOWS\SYSTEM32\CRYPTBASE.dll
0x00007ffc7d4c0000 - 0x00007ffc7d4ed000 	C:\WINDOWS\SYSTEM32\IPHLPAPI.DLL
0x00007ffc7fa70000 - 0x00007ffc7fa79000 	C:\WINDOWS\System32\NSI.dll
0x00007ffc77340000 - 0x00007ffc77359000 	C:\WINDOWS\SYSTEM32\dhcpcsvc6.DLL
0x00007ffc770d0000 - 0x00007ffc770ef000 	C:\WINDOWS\SYSTEM32\dhcpcsvc.DLL
0x00007ffc7d530000 - 0x00007ffc7d623000 	C:\WINDOWS\SYSTEM32\DNSAPI.dll
0x00007ffb81cf0000 - 0x00007ffb81d35000 	C:\Users\Binh\AppData\Local\Temp\jna-2070625\jna4896082288874170226.dll
0x00007ffc80910000 - 0x00007ffc80918000 	C:\WINDOWS\System32\PSAPI.DLL

dbghelp: loaded successfully - version: 4.0.5 - missing functions: none
symbol engine: initialized successfully - sym options: 0x614 - pdb path: .;c:\Users\Binh\.vscode\extensions\redhat.java-1.22.2023081104-win32-x64\jre\17.0.8-win32-x86_64\bin;C:\WINDOWS\SYSTEM32;C:\WINDOWS\WinSxS\amd64_microsoft.windows.common-controls_6595b64144ccf1df_6.0.22621.2070_none_2713e6537381f706;c:\Users\Binh\.vscode\extensions\redhat.java-1.22.2023081104-win32-x64\jre\17.0.8-win32-x86_64\bin\server;C:\Users\Binh\AppData\Roaming\Code\User\globalStorage\redhat.java\1.22.2023081104\config_ss_win\org.eclipse.equinox.launcher\org.eclipse.equinox.launcher.win32.win32.x86_64_1.2.700.v20221108-1024;C:\Users\Binh\AppData\Local\Temp\jna-2070625

VM Arguments:
jvm_args: --add-modules=ALL-SYSTEM --add-opens=java.base/java.util=ALL-UNNAMED --add-opens=java.base/java.lang=ALL-UNNAMED --add-opens=java.base/sun.nio.fs=ALL-UNNAMED -Declipse.application=org.eclipse.jdt.ls.core.id1 -Dosgi.bundles.defaultStartLevel=4 -Declipse.product=org.eclipse.jdt.ls.core.product -Djava.import.generatesMetadataFilesAtProjectRoot=false -Dfile.encoding=utf8 -XX:+UseParallelGC -XX:GCTimeRatio=4 -XX:AdaptiveSizePolicyWeight=90 -Dsun.zip.disableMemoryMapping=true -Xmx1G -Xms100m -Xlog:disable -javaagent:c:\Users\Binh\.vscode\extensions\redhat.java-1.22.2023081104-win32-x64\lombok\lombok-1.18.28.jar 
java_command: c:\Users\Binh\.vscode\extensions\redhat.java-1.22.2023081104-win32-x64\server\plugins\org.eclipse.equinox.launcher_1.6.500.v20230717-2134.jar -configuration c:\Users\Binh\AppData\Roaming\Code\User\globalStorage\redhat.java\1.22.2023081104\config_ss_win -data c:\Users\Binh\AppData\Roaming\Code\User\workspaceStorage\b039105e5624f8971b62f492988c1f60\redhat.java\ss_ws
java_class_path (initial): c:\Users\Binh\.vscode\extensions\redhat.java-1.22.2023081104-win32-x64\server\plugins\org.eclipse.equinox.launcher_1.6.500.v20230717-2134.jar
Launcher Type: SUN_STANDARD

[Global flags]
    uintx AdaptiveSizePolicyWeight                 = 90                                        {product} {command line}
     intx CICompilerCount                          = 4                                         {product} {ergonomic}
    uintx GCTimeRatio                              = 4                                         {product} {command line}
   size_t InitialHeapSize                          = 104857600                                 {product} {command line}
   size_t MaxHeapSize                              = 1073741824                                {product} {command line}
   size_t MaxNewSize                               = 357564416                                 {product} {ergonomic}
   size_t MinHeapDeltaBytes                        = 524288                                    {product} {ergonomic}
   size_t MinHeapSize                              = 104857600                                 {product} {command line}
   size_t NewSize                                  = 34603008                                  {product} {ergonomic}
    uintx NonNMethodCodeHeapSize                   = 5839372                                {pd product} {ergonomic}
    uintx NonProfiledCodeHeapSize                  = 122909434                              {pd product} {ergonomic}
   size_t OldSize                                  = 70254592                                  {product} {ergonomic}
    uintx ProfiledCodeHeapSize                     = 122909434                              {pd product} {ergonomic}
    uintx ReservedCodeCacheSize                    = 251658240                              {pd product} {ergonomic}
     bool SegmentedCodeCache                       = true                                      {product} {ergonomic}
   size_t SoftMaxHeapSize                          = 1073741824                             {manageable} {ergonomic}
     bool UseCompressedClassPointers               = true                           {product lp64_product} {ergonomic}
     bool UseCompressedOops                        = true                           {product lp64_product} {ergonomic}
     bool UseLargePagesIndividualAllocation        = false                                  {pd product} {ergonomic}
     bool UseParallelGC                            = true                                      {product} {command line}

Logging:
Log output configuration:
 #0: stdout all=off uptime,level,tags
 #1: stderr all=off uptime,level,tags

Environment Variables:
JAVA_HOME=C:\Program Files\Java\jdk-19\bin
PATH=c:\Users\Binh\AppData\Local\Programs\Cursor\resources\app\bin;C:\Program Files (x86)\Common Files\Intel\Shared Libraries\redist\intel64\compiler;C:\ProgramData\Oracle\Java\javapath;C:\Windows\system32;C:\Windows;C:\Windows\System32\Wbem;C:\Windows\System32\WindowsPowerShell\v1.0\;C:\Windows\System32\OpenSSH\;C:\Program Files\NVIDIA Corporation\NVIDIA NvDLISR;C:\WINDOWS\system32;C:\WINDOWS;C:\WINDOWS\System32\Wbem;C:\WINDOWS\System32\WindowsPowerShell\v1.0\;C:\WINDOWS\System32\OpenSSH\;C:\Program Files\WindowsPowerShell\Modules;C:\Program Files (x86)\PowerShell\7\;C:\Program Files\Microsoft SQL Server\150\Tools\Binn\;C:\msys64\mingw64\bin;C:\Program Files\dotnet\;C:\Program Files\Git\cmd;C:\WINDOWS\system32;C:\WINDOWS;C:\WINDOWS\System32\Wbem;C:\WINDOWS\System32\WindowsPowerShell\v1.0\;C:\WINDOWS\System32\OpenSSH\;C:\Program Files\nodejs\;C:\Program Files (x86)\Microsoft SQL Server\160\Tools\Binn\;C:\Program Files\Microsoft SQL Server\160\Tools\Binn\;C:\Program Files\Java\jdk-19\bin;E:\Scripts\;E:\;C:\Program Files\MySQL\MySQL Shell 8.0\bin\;D:\Microsoft VS Code\Scripts\;D:\Microsoft VS Code\;%USERPROFILE%\AppData\Local\Microsoft\WindowsApps;E:\Microsoft VS Code\bin;D:\Microsoft VS Code Insiders\bin;E:\Dev-Cpp\MinGW64\bin;E:\mingw32\bin;C:\Users\Binh\AppData\Local\Programs\oh-my-posh\bin;%JAVA_HOME%\bin;C:\Users\Binh\AppData\Roaming\npm;C:\Program Files\Azure Data Studio\bin;%USERPROFILE%\.dotnet\tools;C:\Exercism
USERNAME=Binh
OS=Windows_NT
PROCESSOR_IDENTIFIER=AMD64 Family 23 Model 104 Stepping 1, AuthenticAMD
TMP=C:\Users\Binh\AppData\Local\Temp
TEMP=C:\Users\Binh\AppData\Local\Temp



---------------  S Y S T E M  ---------------

OS:
 Windows 11 , 64 bit Build 22621 (10.0.22621.2070)
OS uptime: 0 days 3:41 hours
Hyper-V role detected

CPU: total 12 (initial active 12) (12 cores per cpu, 2 threads per core) family 23 model 104 stepping 1 microcode 0x0, cx8, cmov, fxsr, ht, mmx, 3dnowpref, sse, sse2, sse3, ssse3, sse4a, sse4.1, sse4.2, popcnt, lzcnt, tsc, tscinvbit, avx, avx2, aes, clmul, bmi1, bmi2, adx, sha, fma, vzeroupper, clflush, clflushopt, hv
Processor Information for all 12 processors :
  Max Mhz: 2100, Current Mhz: 2100, Mhz Limit: 2100

Memory: 4k page, system-wide physical 7514M (271M free)
TotalPageFile size 22545M (AvailPageFile size 3M)
current process WorkingSet (physical memory assigned to process): 204M, peak: 209M
current process commit charge ("private bytes"): 295M, peak: 300M

vm_info: OpenJDK 64-Bit Server VM (17.0.8+7) for windows-amd64 JRE (17.0.8+7), built on Jul 18 2023 21:02:32 by "admin" with MS VC++ 16.7 (VS2019)

END.
